#-----------------------------------------------------------
# Vivado v2022.2 (64-bit)
# SW Build 3671981 on Fri Oct 14 05:00:03 MDT 2022
# IP Build 3669848 on Fri Oct 14 08:30:02 MDT 2022
# Start of session at: Thu May  7 21:10:27 2026
# Process ID: 63548
# Current directory: C:/Users/halderp/AppData/Roaming/Xilinx/Vivado
# Command line: vivado.exe -gui_launcher_event rodinguilauncherevent59472
# Log file: C:/Users/halderp/AppData/Roaming/Xilinx/Vivado/vivado.log
# Journal file: C:/Users/halderp/AppData/Roaming/Xilinx/Vivado\vivado.jou
# Running On: PF5JJ7T5, OS: Windows, CPU Frequency: 2688 MHz, CPU Physical cores: 12, Host memory: 68125 MB
#-----------------------------------------------------------
start_gui
WARNING: [Board 49-26] cannot add Board Part xilinx.com:ac701:part0:1.4 available at C:/Xilinx/Vivado/2022.2/data/xhub/boards/XilinxBoardStore/boards/Xilinx/ac701/1.4/board.xml as part xc7a200tfbg676-2 specified in board_part file is either invalid or not available
WARNING: [Board 49-26] cannot add Board Part xilinx.com:k26c:part0:1.2 available at C:/Xilinx/Vivado/2022.2/data/xhub/boards/XilinxBoardStore/boards/Xilinx/k26c/1.2/board.xml as part xck26-sfvc784-2lv-c specified in board_part file is either invalid or not available
WARNING: [Board 49-26] cannot add Board Part xilinx.com:k26c:part0:1.3 available at C:/Xilinx/Vivado/2022.2/data/xhub/boards/XilinxBoardStore/boards/Xilinx/k26c/1.3/board.xml as part xck26-sfvc784-2lv-c specified in board_part file is either invalid or not available
WARNING: [Board 49-26] cannot add Board Part xilinx.com:k26c:part0:1.4 available at C:/Xilinx/Vivado/2022.2/data/xhub/boards/XilinxBoardStore/boards/Xilinx/k26c/1.4/board.xml as part xck26-sfvc784-2lv-c specified in board_part file is either invalid or not available
WARNING: [Board 49-26] cannot add Board Part xilinx.com:k26i:part0:1.2 available at C:/Xilinx/Vivado/2022.2/data/xhub/boards/XilinxBoardStore/boards/Xilinx/k26i/1.2/board.xml as part xck26-sfvc784-2lvi-i specified in board_part file is either invalid or not available
WARNING: [Board 49-26] cannot add Board Part xilinx.com:k26i:part0:1.3 available at C:/Xilinx/Vivado/2022.2/data/xhub/boards/XilinxBoardStore/boards/Xilinx/k26i/1.3/board.xml as part xck26-sfvc784-2lvi-i specified in board_part file is either invalid or not available
WARNING: [Board 49-26] cannot add Board Part xilinx.com:k26i:part0:1.4 available at C:/Xilinx/Vivado/2022.2/data/xhub/boards/XilinxBoardStore/boards/Xilinx/k26i/1.4/board.xml as part xck26-sfvc784-2lvi-i specified in board_part file is either invalid or not available
WARNING: [Board 49-26] cannot add Board Part xilinx.com:kc705:part0:1.6 available at C:/Xilinx/Vivado/2022.2/data/xhub/boards/XilinxBoardStore/boards/Xilinx/kc705/1.6/board.xml as part xc7k325tffg900-2 specified in board_part file is either invalid or not available
WARNING: [Board 49-26] cannot add Board Part xilinx.com:kcu105:part0:1.6 available at C:/Xilinx/Vivado/2022.2/data/xhub/boards/XilinxBoardStore/boards/Xilinx/kcu105/1.6/board.xml as part xcku040-ffva1156-2-e specified in board_part file is either invalid or not available
WARNING: [Board 49-26] cannot add Board Part xilinx.com:kcu105:part0:1.7 available at C:/Xilinx/Vivado/2022.2/data/xhub/boards/XilinxBoardStore/boards/Xilinx/kcu105/1.7/board.xml as part xcku040-ffva1156-2-e specified in board_part file is either invalid or not available
WARNING: [Board 49-26] cannot add Board Part xilinx.com:kcu116:part0:1.4 available at C:/Xilinx/Vivado/2022.2/data/xhub/boards/XilinxBoardStore/boards/Xilinx/kcu116/1.4/board.xml as part xcku5p-ffvb676-2-e specified in board_part file is either invalid or not available
WARNING: [Board 49-26] cannot add Board Part xilinx.com:kcu116:part0:1.5 available at C:/Xilinx/Vivado/2022.2/data/xhub/boards/XilinxBoardStore/boards/Xilinx/kcu116/1.5/board.xml as part xcku5p-ffvb676-2-e specified in board_part file is either invalid or not available
WARNING: [Board 49-26] cannot add Board Part xilinx.com:kcu1500:part0:1.2 available at C:/Xilinx/Vivado/2022.2/data/xhub/boards/XilinxBoardStore/boards/Xilinx/kcu1500/1.2/board.xml as part xcku115-flvb2104-2-e specified in board_part file is either invalid or not available
WARNING: [Board 49-26] cannot add Board Part xilinx.com:kr260_som:part0:1.0 available at C:/Xilinx/Vivado/2022.2/data/xhub/boards/XilinxBoardStore/boards/Xilinx/kr260_som/1.0/board.xml as part xck26-sfvc784-2lv-c specified in board_part file is either invalid or not available
WARNING: [Board 49-26] cannot add Board Part xilinx.com:kr260_som:part0:1.1 available at C:/Xilinx/Vivado/2022.2/data/xhub/boards/XilinxBoardStore/boards/Xilinx/kr260_som/1.1/board.xml as part xck26-sfvc784-2lv-c specified in board_part file is either invalid or not available
WARNING: [Board 49-26] cannot add Board Part xilinx.com:kv260_som:part0:1.2 available at C:/Xilinx/Vivado/2022.2/data/xhub/boards/XilinxBoardStore/boards/Xilinx/kv260_som/1.2/board.xml as part xck26-sfvc784-2lv-c specified in board_part file is either invalid or not available
WARNING: [Board 49-26] cannot add Board Part xilinx.com:kv260_som:part0:1.3 available at C:/Xilinx/Vivado/2022.2/data/xhub/boards/XilinxBoardStore/boards/Xilinx/kv260_som/1.3/board.xml as part xck26-sfvc784-2lv-c specified in board_part file is either invalid or not available
WARNING: [Board 49-26] cannot add Board Part xilinx.com:kv260_som:part0:1.4 available at C:/Xilinx/Vivado/2022.2/data/xhub/boards/XilinxBoardStore/boards/Xilinx/kv260_som/1.4/board.xml as part xck26-sfvc784-2lv-c specified in board_part file is either invalid or not available
WARNING: [Board 49-26] cannot add Board Part xilinx.com:vc707:part0:1.4 available at C:/Xilinx/Vivado/2022.2/data/xhub/boards/XilinxBoardStore/boards/Xilinx/vc707/1.4/board.xml as part xc7vx485tffg1761-2 specified in board_part file is either invalid or not available
WARNING: [Board 49-26] cannot add Board Part xilinx.com:vc709:part0:1.8 available at C:/Xilinx/Vivado/2022.2/data/xhub/boards/XilinxBoardStore/boards/Xilinx/vc709/1.8/board.xml as part xc7vx690tffg1761-2 specified in board_part file is either invalid or not available
WARNING: [Board 49-26] cannot add Board Part xilinx.com:vck190:part0:2.2 available at C:/Xilinx/Vivado/2022.2/data/xhub/boards/XilinxBoardStore/boards/Xilinx/vck190/production/2.2/board.xml as part xcvc1902-vsva2197-2mp-e-s specified in board_part file is either invalid or not available
WARNING: [Board 49-26] cannot add Board Part xilinx.com:vck190:part0:3.0 available at C:/Xilinx/Vivado/2022.2/data/xhub/boards/XilinxBoardStore/boards/Xilinx/vck190/production/3.0/board.xml as part xcvc1902-vsva2197-2mp-e-s specified in board_part file is either invalid or not available
WARNING: [Board 49-26] cannot add Board Part xilinx.com:vck190:part0:3.1 available at C:/Xilinx/Vivado/2022.2/data/xhub/boards/XilinxBoardStore/boards/Xilinx/vck190/production/3.1/board.xml as part xcvc1902-vsva2197-2mp-e-s specified in board_part file is either invalid or not available
WARNING: [Board 49-26] cannot add Board Part xilinx.com:vck190_newl:part0:1.0 available at C:/Xilinx/Vivado/2022.2/data/xhub/boards/XilinxBoardStore/boards/Xilinx/vck190_newl/production/1.0/board.xml as part xcvc1902-vsva2197-2mp-e-s specified in board_part file is either invalid or not available
WARNING: [Board 49-26] cannot add Board Part xilinx.com:vcu108:part0:1.6 available at C:/Xilinx/Vivado/2022.2/data/xhub/boards/XilinxBoardStore/boards/Xilinx/vcu108/1.6/board.xml as part xcvu095-ffva2104-2-e specified in board_part file is either invalid or not available
WARNING: [Board 49-26] cannot add Board Part xilinx.com:vcu108:part0:1.7 available at C:/Xilinx/Vivado/2022.2/data/xhub/boards/XilinxBoardStore/boards/Xilinx/vcu108/1.7/board.xml as part xcvu095-ffva2104-2-e specified in board_part file is either invalid or not available
WARNING: [Board 49-26] cannot add Board Part xilinx.com:vcu110:part0:1.4 available at C:/Xilinx/Vivado/2022.2/data/xhub/boards/XilinxBoardStore/boards/Xilinx/vcu110/1.4/board.xml as part xcvu190-flgc2104-2-e specified in board_part file is either invalid or not available
WARNING: [Board 49-26] cannot add Board Part xilinx.com:vcu118:part0:2.0 available at C:/Xilinx/Vivado/2022.2/data/xhub/boards/XilinxBoardStore/boards/Xilinx/vcu118/2.0/board.xml as part xcvu9p-flga2104-2l-e specified in board_part file is either invalid or not available
WARNING: [Board 49-26] cannot add Board Part xilinx.com:vcu118:part0:2.3 available at C:/Xilinx/Vivado/2022.2/data/xhub/boards/XilinxBoardStore/boards/Xilinx/vcu118/2.3/board.xml as part xcvu9p-flga2104-2l-e specified in board_part file is either invalid or not available
WARNING: [Board 49-26] cannot add Board Part xilinx.com:vcu118:part0:2.4 available at C:/Xilinx/Vivado/2022.2/data/xhub/boards/XilinxBoardStore/boards/Xilinx/vcu118/2.4/board.xml as part xcvu9p-flga2104-2l-e specified in board_part file is either invalid or not available
WARNING: [Board 49-26] cannot add Board Part xilinx.com:vcu128:part0:1.0 available at C:/Xilinx/Vivado/2022.2/data/xhub/boards/XilinxBoardStore/boards/Xilinx/vcu128/production/1.0/board.xml as part xcvu37p-fsvh2892-2l-e specified in board_part file is either invalid or not available
WARNING: [Board 49-26] cannot add Board Part xilinx.com:vcu129:part0:1.0 available at C:/Xilinx/Vivado/2022.2/data/xhub/boards/XilinxBoardStore/boards/Xilinx/vcu129/production/1.0/board.xml as part xcvu29p-fsga2577-2l-e specified in board_part file is either invalid or not available
WARNING: [Board 49-26] cannot add Board Part xilinx.com:vcu1525:part0:1.3 available at C:/Xilinx/Vivado/2022.2/data/xhub/boards/XilinxBoardStore/boards/Xilinx/vcu1525/1.3/board.xml as part xcvu9p-fsgd2104-2l-e specified in board_part file is either invalid or not available
WARNING: [Board 49-26] cannot add Board Part xilinx.com:vek280_es:part0:1.0 available at C:/Xilinx/Vivado/2022.2/data/xhub/boards/XilinxBoardStore/boards/Xilinx/vek280/es/1.0/board.xml as part xcve2802-vsvh1760-2lp-e-s-es1 specified in board_part file is either invalid or not available
WARNING: [Board 49-26] cannot add Board Part xilinx.com:vermeo_t1_mpsoc:part0:1.0 available at C:/Xilinx/Vivado/2022.2/data/xhub/boards/XilinxBoardStore/boards/Xilinx/vermeo_t1_mpsoc/1.0/board.xml as part xczu19eg-ffvd1760-2l-e specified in board_part file is either invalid or not available
WARNING: [Board 49-26] cannot add Board Part xilinx.com:vermeo_t1_rfsoc:part0:1.0 available at C:/Xilinx/Vivado/2022.2/data/xhub/boards/XilinxBoardStore/boards/Xilinx/vermeo_t1_rfsoc/1.0/board.xml as part xczu21dr-ffvd1156-2l-e specified in board_part file is either invalid or not available
WARNING: [Board 49-26] cannot add Board Part xilinx.com:vhk158_es:part0:1.0 available at C:/Xilinx/Vivado/2022.2/data/xhub/boards/XilinxBoardStore/boards/Xilinx/vhk158/es/1.0/board.xml as part xcvh1582-vsva3697-2mp-e-s-es1 specified in board_part file is either invalid or not available
WARNING: [Board 49-26] cannot add Board Part xilinx.com:vmk180:part0:2.2 available at C:/Xilinx/Vivado/2022.2/data/xhub/boards/XilinxBoardStore/boards/Xilinx/vmk180/production/2.2/board.xml as part xcvm1802-vsva2197-2mp-e-s specified in board_part file is either invalid or not available
WARNING: [Board 49-26] cannot add Board Part xilinx.com:vmk180:part0:3.0 available at C:/Xilinx/Vivado/2022.2/data/xhub/boards/XilinxBoardStore/boards/Xilinx/vmk180/production/3.0/board.xml as part xcvm1802-vsva2197-2mp-e-s specified in board_part file is either invalid or not available
WARNING: [Board 49-26] cannot add Board Part xilinx.com:vmk180:part0:3.1 available at C:/Xilinx/Vivado/2022.2/data/xhub/boards/XilinxBoardStore/boards/Xilinx/vmk180/production/3.1/board.xml as part xcvm1802-vsva2197-2mp-e-s specified in board_part file is either invalid or not available
WARNING: [Board 49-26] cannot add Board Part xilinx.com:vmk180_newl:part0:1.0 available at C:/Xilinx/Vivado/2022.2/data/xhub/boards/XilinxBoardStore/boards/Xilinx/vmk180_newl/production/1.0/board.xml as part xcvm1802-vsva2197-2mp-e-s specified in board_part file is either invalid or not available
WARNING: [Board 49-26] cannot add Board Part xilinx.com:vpk120:part0:1.0 available at C:/Xilinx/Vivado/2022.2/data/xhub/boards/XilinxBoardStore/boards/Xilinx/vpk120/production/1.0/board.xml as part xcvp1202-vsva2785-2mp-e-s specified in board_part file is either invalid or not available
WARNING: [Board 49-26] cannot add Board Part xilinx.com:vpk120_es:part0:1.2 available at C:/Xilinx/Vivado/2022.2/data/xhub/boards/XilinxBoardStore/boards/Xilinx/vpk120/es/1.2/board.xml as part xcvp1202-vsva2785-2mp-e-s-es1 specified in board_part file is either invalid or not available
WARNING: [Board 49-26] cannot add Board Part xilinx.com:vpk120_es_revb:part0:1.0 available at C:/Xilinx/Vivado/2022.2/data/xhub/boards/XilinxBoardStore/boards/Xilinx/vpk120_revb/es/1.0/board.xml as part xcvp1202-vsva2785-2mp-e-s-es1 specified in board_part file is either invalid or not available
WARNING: [Board 49-26] cannot add Board Part xilinx.com:vpk180_es:part0:1.0 available at C:/Xilinx/Vivado/2022.2/data/xhub/boards/XilinxBoardStore/boards/Xilinx/vpk180/es/1.0/board.xml as part xcvp1802-lsvc4072-2mp-e-s-es1 specified in board_part file is either invalid or not available
WARNING: [Board 49-26] cannot add Board Part xilinx.com:zc702:part0:1.4 available at C:/Xilinx/Vivado/2022.2/data/xhub/boards/XilinxBoardStore/boards/Xilinx/zc702/1.4/board.xml as part xc7z020clg484-1 specified in board_part file is either invalid or not available
WARNING: [Board 49-26] cannot add Board Part xilinx.com:zc706:part0:1.4 available at C:/Xilinx/Vivado/2022.2/data/xhub/boards/XilinxBoardStore/boards/Xilinx/zc706/1.4/board.xml as part xc7z045ffg900-2 specified in board_part file is either invalid or not available
WARNING: [Board 49-26] cannot add Board Part xilinx.com:zcu102:part0:3.3 available at C:/Xilinx/Vivado/2022.2/data/xhub/boards/XilinxBoardStore/boards/Xilinx/zcu102/3.3/board.xml as part xczu9eg-ffvb1156-2-e specified in board_part file is either invalid or not available
WARNING: [Board 49-26] cannot add Board Part xilinx.com:zcu102:part0:3.4 available at C:/Xilinx/Vivado/2022.2/data/xhub/boards/XilinxBoardStore/boards/Xilinx/zcu102/3.4/board.xml as part xczu9eg-ffvb1156-2-e specified in board_part file is either invalid or not available
WARNING: [Board 49-26] cannot add Board Part xilinx.com:zcu104:part0:1.1 available at C:/Xilinx/Vivado/2022.2/data/xhub/boards/XilinxBoardStore/boards/Xilinx/zcu104/1.1/board.xml as part xczu7ev-ffvc1156-2-e specified in board_part file is either invalid or not available
WARNING: [Board 49-26] cannot add Board Part xilinx.com:zcu106:part0:2.4 available at C:/Xilinx/Vivado/2022.2/data/xhub/boards/XilinxBoardStore/boards/Xilinx/zcu106/2.4/board.xml as part xczu7ev-ffvc1156-2-e specified in board_part file is either invalid or not available
WARNING: [Board 49-26] cannot add Board Part xilinx.com:zcu106:part0:2.5 available at C:/Xilinx/Vivado/2022.2/data/xhub/boards/XilinxBoardStore/boards/Xilinx/zcu106/2.5/board.xml as part xczu7ev-ffvc1156-2-e specified in board_part file is either invalid or not available
WARNING: [Board 49-26] cannot add Board Part xilinx.com:zcu106:part0:2.6 available at C:/Xilinx/Vivado/2022.2/data/xhub/boards/XilinxBoardStore/boards/Xilinx/zcu106/2.6/board.xml as part xczu7ev-ffvc1156-2-e specified in board_part file is either invalid or not available
WARNING: [Board 49-26] cannot add Board Part xilinx.com:zcu111:part0:1.2 available at C:/Xilinx/Vivado/2022.2/data/xhub/boards/XilinxBoardStore/boards/Xilinx/zcu111/1.2/board.xml as part xczu28dr-ffvg1517-2-e specified in board_part file is either invalid or not available
WARNING: [Board 49-26] cannot add Board Part xilinx.com:zcu111:part0:1.3 available at C:/Xilinx/Vivado/2022.2/data/xhub/boards/XilinxBoardStore/boards/Xilinx/zcu111/1.3/board.xml as part xczu28dr-ffvg1517-2-e specified in board_part file is either invalid or not available
WARNING: [Board 49-26] cannot add Board Part xilinx.com:zcu111:part0:1.4 available at C:/Xilinx/Vivado/2022.2/data/xhub/boards/XilinxBoardStore/boards/Xilinx/zcu111/1.4/board.xml as part xczu28dr-ffvg1517-2-e specified in board_part file is either invalid or not available
WARNING: [Board 49-26] cannot add Board Part xilinx.com:zcu1275:part0:1.0 available at C:/Xilinx/Vivado/2022.2/data/xhub/boards/XilinxBoardStore/boards/Xilinx/zcu1275/1.0/board.xml as part xczu29dr-ffvf1760-2-e specified in board_part file is either invalid or not available
WARNING: [Board 49-26] cannot add Board Part xilinx.com:zcu1285:part0:1.0 available at C:/Xilinx/Vivado/2022.2/data/xhub/boards/XilinxBoardStore/boards/Xilinx/zcu1285/1.0/board.xml as part xczu39dr-ffvf1760-2-i specified in board_part file is either invalid or not available
WARNING: [Board 49-26] cannot add Board Part xilinx.com:zcu208:part0:2.0 available at C:/Xilinx/Vivado/2022.2/data/xhub/boards/XilinxBoardStore/boards/Xilinx/zcu208/production/2.0/board.xml as part xczu48dr-fsvg1517-2-e specified in board_part file is either invalid or not available
WARNING: [Board 49-26] cannot add Board Part xilinx.com:zcu208ld:part0:2.0 available at C:/Xilinx/Vivado/2022.2/data/xhub/boards/XilinxBoardStore/boards/Xilinx/zcu208ld/production/2.0/board.xml as part xczu58dr-fsvg1517-2-i specified in board_part file is either invalid or not available
WARNING: [Board 49-26] cannot add Board Part xilinx.com:zcu216:part0:2.0 available at C:/Xilinx/Vivado/2022.2/data/xhub/boards/XilinxBoardStore/boards/Xilinx/zcu216/production/2.0/board.xml as part xczu49dr-ffvf1760-2-e specified in board_part file is either invalid or not available
WARNING: [Board 49-26] cannot add Board Part xilinx.com:zcu216ld:part0:2.0 available at C:/Xilinx/Vivado/2022.2/data/xhub/boards/XilinxBoardStore/boards/Xilinx/zcu216ld/production/2.0/board.xml as part xczu59dr-ffvf1760-2-i specified in board_part file is either invalid or not available
WARNING: [Board 49-26] cannot add Board Part xilinx.com:zcu670:part0:2.0 available at C:/Xilinx/Vivado/2022.2/data/xhub/boards/XilinxBoardStore/boards/Xilinx/zcu670/2.0/board.xml as part xczu67dr-fsve1156-2-i specified in board_part file is either invalid or not available
WARNING: [Board 49-26] cannot add Board Part xilinx.com:zcu670ld:part0:1.0 available at C:/Xilinx/Vivado/2022.2/data/xhub/boards/XilinxBoardStore/boards/Xilinx/zcu670ld/1.0/board.xml as part xczu57dr-fsve1156-2-i specified in board_part file is either invalid or not available
open_project C:/Users/halderp/tetris_final_project/tetris_final_project.xpr
Scanning sources...
Finished scanning sources
INFO: [IP_Flow 19-234] Refreshing IP repositories
INFO: [IP_Flow 19-1700] Loaded user IP repository 'c:/Users/halderp/Downloads/RD_hdmi_ip2020/hdmi_tx_1.0'.
INFO: [IP_Flow 19-2313] Loaded Vivado IP repository 'C:/Xilinx/Vivado/2022.2/data/ip'.
open_project: Time (s): cpu = 00:00:10 ; elapsed = 00:00:07 . Memory (MB): peak = 1134.598 ; gain = 215.309
update_compile_order -fileset sources_1
launch_runs synth_1 -jobs 7
INFO: [Vivado 12-4149] The synthesis checkpoint for IP 'C:/Users/halderp/tetris_final_project/tetris_final_project.srcs/sources_1/ip/hdmi_tx_0/hdmi_tx_0.xci' is already up-to-date
INFO: [Vivado 12-4149] The synthesis checkpoint for IP 'C:/Users/halderp/tetris_final_project/tetris_final_project.srcs/sources_1/ip/clk_wiz_0/clk_wiz_0.xci' is already up-to-date
[Thu May  7 21:12:05 2026] Launched synth_1...
Run output will be captured here: C:/Users/halderp/tetris_final_project/tetris_final_project.runs/synth_1/runme.log
update_compile_order -fileset sources_1
reset_run synth_1
WARNING: [Vivado 12-1017] Problems encountered:
1. Failed to delete one or more files in run directory C:/Users/halderp/tetris_final_project/tetris_final_project.runs/synth_1

launch_runs impl_1 -to_step write_bitstream -jobs 7
INFO: [Vivado 12-4149] The synthesis checkpoint for IP 'C:/Users/halderp/tetris_final_project/tetris_final_project.srcs/sources_1/ip/row_cleared/row_cleared.xci' is already up-to-date
INFO: [Vivado 12-4149] The synthesis checkpoint for IP 'C:/Users/halderp/tetris_final_project/tetris_final_project.srcs/sources_1/ip/rotate/rotate.xci' is already up-to-date
INFO: [Vivado 12-4149] The synthesis checkpoint for IP 'C:/Users/halderp/tetris_final_project/tetris_final_project.srcs/sources_1/ip/hdmi_tx_0/hdmi_tx_0.xci' is already up-to-date
INFO: [Vivado 12-4149] The synthesis checkpoint for IP 'C:/Users/halderp/tetris_final_project/tetris_final_project.srcs/sources_1/ip/clk_wiz_0/clk_wiz_0.xci' is already up-to-date
[Thu May  7 21:15:32 2026] Launched synth_1...
Run output will be captured here: C:/Users/halderp/tetris_final_project/tetris_final_project.runs/synth_1/runme.log
[Thu May  7 21:15:32 2026] Launched impl_1...
Run output will be captured here: C:/Users/halderp/tetris_final_project/tetris_final_project.runs/impl_1/runme.log
reset_run synth_1
INFO: [Project 1-1161] Replacing file C:/Users/halderp/tetris_final_project/tetris_final_project.srcs/utils_1/imports/synth_1/mb_block_wrapper.dcp with file C:/Users/halderp/tetris_final_project/tetris_final_project.runs/synth_1/tetris_top.dcp
launch_runs impl_1 -to_step write_bitstream -jobs 7
INFO: [Vivado 12-4149] The synthesis checkpoint for IP 'C:/Users/halderp/tetris_final_project/tetris_final_project.srcs/sources_1/ip/row_cleared/row_cleared.xci' is already up-to-date
INFO: [Vivado 12-4149] The synthesis checkpoint for IP 'C:/Users/halderp/tetris_final_project/tetris_final_project.srcs/sources_1/ip/rotate/rotate.xci' is already up-to-date
INFO: [Vivado 12-4149] The synthesis checkpoint for IP 'C:/Users/halderp/tetris_final_project/tetris_final_project.srcs/sources_1/ip/hdmi_tx_0/hdmi_tx_0.xci' is already up-to-date
INFO: [Vivado 12-4149] The synthesis checkpoint for IP 'C:/Users/halderp/tetris_final_project/tetris_final_project.srcs/sources_1/ip/clk_wiz_0/clk_wiz_0.xci' is already up-to-date
[Thu May  7 21:28:33 2026] Launched synth_1...
Run output will be captured here: C:/Users/halderp/tetris_final_project/tetris_final_project.runs/synth_1/runme.log
[Thu May  7 21:28:33 2026] Launched impl_1...
Run output will be captured here: C:/Users/halderp/tetris_final_project/tetris_final_project.runs/impl_1/runme.log
export_ip_user_files -of_objects  [get_files C:/Users/halderp/tetris_final_project/tetris_final_project.srcs/sources_1/ip/rotate/rotate.xci] -no_script -reset -force -quiet
remove_files  C:/Users/halderp/tetris_final_project/tetris_final_project.srcs/sources_1/ip/rotate/rotate.xci
export_ip_user_files -of_objects  [get_files C:/Users/halderp/tetris_final_project/tetris_final_project.srcs/sources_1/ip/row_cleared/row_cleared.xci] -no_script -reset -force -quiet
remove_files  C:/Users/halderp/tetris_final_project/tetris_final_project.srcs/sources_1/ip/row_cleared/row_cleared.xci
WARNING: [IP_Flow 19-4067] Ignoring invalid widget type specified checkbox.Providing a default widget
WARNING: [IP_Flow 19-4067] Ignoring invalid widget type specified checkbox.Providing a default widget
INFO: [IP_Flow 19-3484] Absolute path of file 'c:/Users/halderp/Downloads/rotate.coe' provided. It will be converted relative to IP Instance files '../../../../../../../../Downloads/rotate.coe'
create_ip -name blk_mem_gen -vendor xilinx.com -library ip -version 8.4 -module_name rotate
set_property -dict [list \
  CONFIG.Coe_File {C:/Users/halderp/Downloads/rotate.coe} \
  CONFIG.Component_Name {rotate} \
  CONFIG.Enable_A {Always_Enabled} \
  CONFIG.Load_Init_File {true} \
  CONFIG.Memory_Type {Single_Port_ROM} \
  CONFIG.Write_Depth_A {2048} \
] [get_ips rotate]
WARNING: [Vivado 12-3523] Attempt to change 'Component_Name' from 'rotate' to 'rotate' is not allowed and is ignored.
INFO: [IP_Flow 19-3484] Absolute path of file 'c:/Users/halderp/Downloads/rotate.coe' provided. It will be converted relative to IP Instance files '../../../../../Downloads/rotate.coe'
generate_target {instantiation_template} [get_files c:/Users/halderp/tetris_final_project/tetris_final_project.srcs/sources_1/ip/rotate_1/rotate.xci]
INFO: [IP_Flow 19-1686] Generating 'Instantiation Template' target for IP 'rotate'...
generate_target all [get_files  c:/Users/halderp/tetris_final_project/tetris_final_project.srcs/sources_1/ip/rotate_1/rotate.xci]
INFO: [IP_Flow 19-1686] Generating 'Synthesis' target for IP 'rotate'...
INFO: [IP_Flow 19-1686] Generating 'Simulation' target for IP 'rotate'...
INFO: [IP_Flow 19-1686] Generating 'Miscellaneous' target for IP 'rotate'...
INFO: [IP_Flow 19-1686] Generating 'Change Log' target for IP 'rotate'...
catch { config_ip_cache -export [get_ips -all rotate] }
INFO: [IP_Flow 19-6924] IPCACHE: Running cache check for IP inst: rotate
INFO: [IP_Flow 19-6922] IPCACHE: Exporting cached entry 871ce1be9e78145d to dir: c:/Users/halderp/tetris_final_project/tetris_final_project.gen/sources_1/ip/rotate_1
INFO: [IP_Flow 19-6928] IPCACHE: copied cached file c:/Users/halderp/tetris_final_project/tetris_final_project.cache/ip/2022.2/8/7/871ce1be9e78145d/rotate.dcp to c:/Users/halderp/tetris_final_project/tetris_final_project.gen/sources_1/ip/rotate_1/rotate.dcp.
INFO: [IP_Flow 19-6926] IPCACHE: added file to list for BOM: c:/Users/halderp/tetris_final_project/tetris_final_project.gen/sources_1/ip/rotate_1/rotate.dcp
INFO: [IP_Flow 19-6928] IPCACHE: copied cached file c:/Users/halderp/tetris_final_project/tetris_final_project.cache/ip/2022.2/8/7/871ce1be9e78145d/rotate_sim_netlist.v to c:/Users/halderp/tetris_final_project/tetris_final_project.gen/sources_1/ip/rotate_1/rotate_sim_netlist.v.
INFO: [IP_Flow 19-6926] IPCACHE: added file to list for BOM: c:/Users/halderp/tetris_final_project/tetris_final_project.gen/sources_1/ip/rotate_1/rotate_sim_netlist.v
INFO: [IP_Flow 19-6928] IPCACHE: copied cached file c:/Users/halderp/tetris_final_project/tetris_final_project.cache/ip/2022.2/8/7/871ce1be9e78145d/rotate_sim_netlist.vhdl to c:/Users/halderp/tetris_final_project/tetris_final_project.gen/sources_1/ip/rotate_1/rotate_sim_netlist.vhdl.
INFO: [IP_Flow 19-6926] IPCACHE: added file to list for BOM: c:/Users/halderp/tetris_final_project/tetris_final_project.gen/sources_1/ip/rotate_1/rotate_sim_netlist.vhdl
INFO: [IP_Flow 19-6928] IPCACHE: copied cached file c:/Users/halderp/tetris_final_project/tetris_final_project.cache/ip/2022.2/8/7/871ce1be9e78145d/rotate_stub.v to c:/Users/halderp/tetris_final_project/tetris_final_project.gen/sources_1/ip/rotate_1/rotate_stub.v.
INFO: [IP_Flow 19-6926] IPCACHE: added file to list for BOM: c:/Users/halderp/tetris_final_project/tetris_final_project.gen/sources_1/ip/rotate_1/rotate_stub.v
INFO: [IP_Flow 19-6928] IPCACHE: copied cached file c:/Users/halderp/tetris_final_project/tetris_final_project.cache/ip/2022.2/8/7/871ce1be9e78145d/rotate_stub.vhdl to c:/Users/halderp/tetris_final_project/tetris_final_project.gen/sources_1/ip/rotate_1/rotate_stub.vhdl.
INFO: [IP_Flow 19-6926] IPCACHE: added file to list for BOM: c:/Users/halderp/tetris_final_project/tetris_final_project.gen/sources_1/ip/rotate_1/rotate_stub.vhdl
INFO: [IP_Flow 19-4993] Using cached IP synthesis design for IP rotate, cache-ID = 871ce1be9e78145d; cache size = 34.508 MB.
export_ip_user_files -of_objects [get_files c:/Users/halderp/tetris_final_project/tetris_final_project.srcs/sources_1/ip/rotate_1/rotate.xci] -no_script -sync -force -quiet
create_ip_run [get_files -of_objects [get_fileset sources_1] c:/Users/halderp/tetris_final_project/tetris_final_project.srcs/sources_1/ip/rotate_1/rotate.xci]
INFO: [Vivado 12-3453] The given sub-design is up-to-date, no action was taken.  If a run is still desired, use the '-force' option for the file:'c:/Users/halderp/tetris_final_project/tetris_final_project.srcs/sources_1/ip/rotate_1/rotate.xci'
export_simulation -of_objects [get_files c:/Users/halderp/tetris_final_project/tetris_final_project.srcs/sources_1/ip/rotate_1/rotate.xci] -directory C:/Users/halderp/tetris_final_project/tetris_final_project.ip_user_files/sim_scripts -ip_user_files_dir C:/Users/halderp/tetris_final_project/tetris_final_project.ip_user_files -ipstatic_source_dir C:/Users/halderp/tetris_final_project/tetris_final_project.ip_user_files/ipstatic -lib_map_path [list {modelsim=C:/Users/halderp/tetris_final_project/tetris_final_project.cache/compile_simlib/modelsim} {questa=C:/Users/halderp/tetris_final_project/tetris_final_project.cache/compile_simlib/questa} {riviera=C:/Users/halderp/tetris_final_project/tetris_final_project.cache/compile_simlib/riviera} {activehdl=C:/Users/halderp/tetris_final_project/tetris_final_project.cache/compile_simlib/activehdl}] -use_ip_compiled_libs -force -quiet
update_compile_order -fileset sources_1
WARNING: [IP_Flow 19-4067] Ignoring invalid widget type specified checkbox.Providing a default widget
WARNING: [IP_Flow 19-4067] Ignoring invalid widget type specified checkbox.Providing a default widget
INFO: [IP_Flow 19-3484] Absolute path of file 'c:/Users/halderp/Downloads/row_cleared.coe' provided. It will be converted relative to IP Instance files '../../../../../../../../Downloads/row_cleared.coe'
create_ip -name blk_mem_gen -vendor xilinx.com -library ip -version 8.4 -module_name row_cleared
set_property -dict [list \
  CONFIG.Coe_File {C:/Users/halderp/Downloads/row_cleared.coe} \
  CONFIG.Component_Name {row_cleared} \
  CONFIG.Enable_A {Always_Enabled} \
  CONFIG.Load_Init_File {true} \
  CONFIG.Memory_Type {Single_Port_ROM} \
  CONFIG.Write_Depth_A {2048} \
] [get_ips row_cleared]
WARNING: [Vivado 12-3523] Attempt to change 'Component_Name' from 'row_cleared' to 'row_cleared' is not allowed and is ignored.
INFO: [IP_Flow 19-3484] Absolute path of file 'c:/Users/halderp/Downloads/row_cleared.coe' provided. It will be converted relative to IP Instance files '../../../../../Downloads/row_cleared.coe'
generate_target {instantiation_template} [get_files c:/Users/halderp/tetris_final_project/tetris_final_project.srcs/sources_1/ip/row_cleared_1/row_cleared.xci]
INFO: [IP_Flow 19-1686] Generating 'Instantiation Template' target for IP 'row_cleared'...
generate_target all [get_files  c:/Users/halderp/tetris_final_project/tetris_final_project.srcs/sources_1/ip/row_cleared_1/row_cleared.xci]
INFO: [IP_Flow 19-1686] Generating 'Synthesis' target for IP 'row_cleared'...
INFO: [IP_Flow 19-1686] Generating 'Simulation' target for IP 'row_cleared'...
INFO: [IP_Flow 19-1686] Generating 'Miscellaneous' target for IP 'row_cleared'...
INFO: [IP_Flow 19-1686] Generating 'Change Log' target for IP 'row_cleared'...
catch { config_ip_cache -export [get_ips -all row_cleared] }
INFO: [IP_Flow 19-6924] IPCACHE: Running cache check for IP inst: row_cleared
INFO: [IP_Flow 19-6922] IPCACHE: Exporting cached entry b1042f9f89a745ee to dir: c:/Users/halderp/tetris_final_project/tetris_final_project.gen/sources_1/ip/row_cleared_1
INFO: [IP_Flow 19-6928] IPCACHE: copied cached file c:/Users/halderp/tetris_final_project/tetris_final_project.cache/ip/2022.2/b/1/b1042f9f89a745ee/row_cleared.dcp to c:/Users/halderp/tetris_final_project/tetris_final_project.gen/sources_1/ip/row_cleared_1/row_cleared.dcp.
INFO: [IP_Flow 19-6926] IPCACHE: added file to list for BOM: c:/Users/halderp/tetris_final_project/tetris_final_project.gen/sources_1/ip/row_cleared_1/row_cleared.dcp
INFO: [IP_Flow 19-6928] IPCACHE: copied cached file c:/Users/halderp/tetris_final_project/tetris_final_project.cache/ip/2022.2/b/1/b1042f9f89a745ee/row_cleared_sim_netlist.v to c:/Users/halderp/tetris_final_project/tetris_final_project.gen/sources_1/ip/row_cleared_1/row_cleared_sim_netlist.v.
INFO: [IP_Flow 19-6926] IPCACHE: added file to list for BOM: c:/Users/halderp/tetris_final_project/tetris_final_project.gen/sources_1/ip/row_cleared_1/row_cleared_sim_netlist.v
INFO: [IP_Flow 19-6928] IPCACHE: copied cached file c:/Users/halderp/tetris_final_project/tetris_final_project.cache/ip/2022.2/b/1/b1042f9f89a745ee/row_cleared_sim_netlist.vhdl to c:/Users/halderp/tetris_final_project/tetris_final_project.gen/sources_1/ip/row_cleared_1/row_cleared_sim_netlist.vhdl.
INFO: [IP_Flow 19-6926] IPCACHE: added file to list for BOM: c:/Users/halderp/tetris_final_project/tetris_final_project.gen/sources_1/ip/row_cleared_1/row_cleared_sim_netlist.vhdl
INFO: [IP_Flow 19-6928] IPCACHE: copied cached file c:/Users/halderp/tetris_final_project/tetris_final_project.cache/ip/2022.2/b/1/b1042f9f89a745ee/row_cleared_stub.v to c:/Users/halderp/tetris_final_project/tetris_final_project.gen/sources_1/ip/row_cleared_1/row_cleared_stub.v.
INFO: [IP_Flow 19-6926] IPCACHE: added file to list for BOM: c:/Users/halderp/tetris_final_project/tetris_final_project.gen/sources_1/ip/row_cleared_1/row_cleared_stub.v
INFO: [IP_Flow 19-6928] IPCACHE: copied cached file c:/Users/halderp/tetris_final_project/tetris_final_project.cache/ip/2022.2/b/1/b1042f9f89a745ee/row_cleared_stub.vhdl to c:/Users/halderp/tetris_final_project/tetris_final_project.gen/sources_1/ip/row_cleared_1/row_cleared_stub.vhdl.
INFO: [IP_Flow 19-6926] IPCACHE: added file to list for BOM: c:/Users/halderp/tetris_final_project/tetris_final_project.gen/sources_1/ip/row_cleared_1/row_cleared_stub.vhdl
INFO: [IP_Flow 19-4993] Using cached IP synthesis design for IP row_cleared, cache-ID = b1042f9f89a745ee; cache size = 34.508 MB.
export_ip_user_files -of_objects [get_files c:/Users/halderp/tetris_final_project/tetris_final_project.srcs/sources_1/ip/row_cleared_1/row_cleared.xci] -no_script -sync -force -quiet
create_ip_run [get_files -of_objects [get_fileset sources_1] c:/Users/halderp/tetris_final_project/tetris_final_project.srcs/sources_1/ip/row_cleared_1/row_cleared.xci]
INFO: [Vivado 12-3453] The given sub-design is up-to-date, no action was taken.  If a run is still desired, use the '-force' option for the file:'c:/Users/halderp/tetris_final_project/tetris_final_project.srcs/sources_1/ip/row_cleared_1/row_cleared.xci'
export_simulation -of_objects [get_files c:/Users/halderp/tetris_final_project/tetris_final_project.srcs/sources_1/ip/row_cleared_1/row_cleared.xci] -directory C:/Users/halderp/tetris_final_project/tetris_final_project.ip_user_files/sim_scripts -ip_user_files_dir C:/Users/halderp/tetris_final_project/tetris_final_project.ip_user_files -ipstatic_source_dir C:/Users/halderp/tetris_final_project/tetris_final_project.ip_user_files/ipstatic -lib_map_path [list {modelsim=C:/Users/halderp/tetris_final_project/tetris_final_project.cache/compile_simlib/modelsim} {questa=C:/Users/halderp/tetris_final_project/tetris_final_project.cache/compile_simlib/questa} {riviera=C:/Users/halderp/tetris_final_project/tetris_final_project.cache/compile_simlib/riviera} {activehdl=C:/Users/halderp/tetris_final_project/tetris_final_project.cache/compile_simlib/activehdl}] -use_ip_compiled_libs -force -quiet
update_compile_order -fileset sources_1
reset_run synth_1
INFO: [Project 1-1161] Replacing file C:/Users/halderp/tetris_final_project/tetris_final_project.srcs/utils_1/imports/synth_1/mb_block_wrapper.dcp with file C:/Users/halderp/tetris_final_project/tetris_final_project.runs/synth_1/tetris_top.dcp
launch_runs impl_1 -to_step write_bitstream -jobs 7
INFO: [Vivado 12-4149] The synthesis checkpoint for IP 'c:/Users/halderp/tetris_final_project/tetris_final_project.srcs/sources_1/ip/row_cleared_1/row_cleared.xci' is already up-to-date
INFO: [Vivado 12-4149] The synthesis checkpoint for IP 'c:/Users/halderp/tetris_final_project/tetris_final_project.srcs/sources_1/ip/rotate_1/rotate.xci' is already up-to-date
INFO: [Vivado 12-4149] The synthesis checkpoint for IP 'C:/Users/halderp/tetris_final_project/tetris_final_project.srcs/sources_1/ip/hdmi_tx_0/hdmi_tx_0.xci' is already up-to-date
INFO: [Vivado 12-4149] The synthesis checkpoint for IP 'C:/Users/halderp/tetris_final_project/tetris_final_project.srcs/sources_1/ip/clk_wiz_0/clk_wiz_0.xci' is already up-to-date
[Thu May  7 21:54:23 2026] Launched synth_1...
Run output will be captured here: C:/Users/halderp/tetris_final_project/tetris_final_project.runs/synth_1/runme.log
[Thu May  7 21:54:24 2026] Launched impl_1...
Run output will be captured here: C:/Users/halderp/tetris_final_project/tetris_final_project.runs/impl_1/runme.log
INFO: [Vivado 12-8217] Implementation run is out of date. Exported hardware information may be inconsistent with respect to the current state of the design. It is recommended that you re-run implementation and re-generate bitstream/PDI before doing hardware export.
write_hw_platform -fixed -include_bit -force -file C:/Users/halderp/tetris_final_project/tetris_top.xsa
INFO: [Project 1-1918] Creating Hardware Platform: C:/Users/halderp/tetris_final_project/tetris_top.xsa ...
INFO: [Project 1-1943] The Hardware Platform can be used for Hardware
INFO: [Project 1-1941] Successfully created Hardware Platform: C:/Users/halderp/tetris_final_project/tetris_top.xsa
INFO: [Hsi 55-2053] elapsed time for repository (C:/Xilinx/Vivado/2022.2/data/embeddedsw) loading 2 seconds
reset_run synth_1
INFO: [Project 1-1161] Replacing file C:/Users/halderp/tetris_final_project/tetris_final_project.srcs/utils_1/imports/synth_1/mb_block_wrapper.dcp with file C:/Users/halderp/tetris_final_project/tetris_final_project.runs/synth_1/tetris_top.dcp
launch_runs impl_1 -to_step write_bitstream -jobs 7
INFO: [Vivado 12-4149] The synthesis checkpoint for IP 'c:/Users/halderp/tetris_final_project/tetris_final_project.srcs/sources_1/ip/row_cleared_1/row_cleared.xci' is already up-to-date
INFO: [Vivado 12-4149] The synthesis checkpoint for IP 'c:/Users/halderp/tetris_final_project/tetris_final_project.srcs/sources_1/ip/rotate_1/rotate.xci' is already up-to-date
INFO: [Vivado 12-4149] The synthesis checkpoint for IP 'C:/Users/halderp/tetris_final_project/tetris_final_project.srcs/sources_1/ip/hdmi_tx_0/hdmi_tx_0.xci' is already up-to-date
INFO: [Vivado 12-4149] The synthesis checkpoint for IP 'C:/Users/halderp/tetris_final_project/tetris_final_project.srcs/sources_1/ip/clk_wiz_0/clk_wiz_0.xci' is already up-to-date
[Thu May  7 22:06:23 2026] Launched synth_1...
Run output will be captured here: C:/Users/halderp/tetris_final_project/tetris_final_project.runs/synth_1/runme.log
[Thu May  7 22:06:23 2026] Launched impl_1...
Run output will be captured here: C:/Users/halderp/tetris_final_project/tetris_final_project.runs/impl_1/runme.log
write_hw_platform -fixed -include_bit -force -file C:/Users/halderp/tetris_final_project/tetris_top.xsa
INFO: [Project 1-1918] Creating Hardware Platform: C:/Users/halderp/tetris_final_project/tetris_top.xsa ...
INFO: [Project 1-1943] The Hardware Platform can be used for Hardware
INFO: [Project 1-1941] Successfully created Hardware Platform: C:/Users/halderp/tetris_final_project/tetris_top.xsa
reset_run synth_1
INFO: [Project 1-1161] Replacing file C:/Users/halderp/tetris_final_project/tetris_final_project.srcs/utils_1/imports/synth_1/mb_block_wrapper.dcp with file C:/Users/halderp/tetris_final_project/tetris_final_project.runs/synth_1/tetris_top.dcp
launch_runs impl_1 -to_step write_bitstream -jobs 7
INFO: [Vivado 12-4149] The synthesis checkpoint for IP 'c:/Users/halderp/tetris_final_project/tetris_final_project.srcs/sources_1/ip/row_cleared_1/row_cleared.xci' is already up-to-date
INFO: [Vivado 12-4149] The synthesis checkpoint for IP 'c:/Users/halderp/tetris_final_project/tetris_final_project.srcs/sources_1/ip/rotate_1/rotate.xci' is already up-to-date
INFO: [Vivado 12-4149] The synthesis checkpoint for IP 'C:/Users/halderp/tetris_final_project/tetris_final_project.srcs/sources_1/ip/hdmi_tx_0/hdmi_tx_0.xci' is already up-to-date
INFO: [Vivado 12-4149] The synthesis checkpoint for IP 'C:/Users/halderp/tetris_final_project/tetris_final_project.srcs/sources_1/ip/clk_wiz_0/clk_wiz_0.xci' is already up-to-date
[Thu May  7 22:29:56 2026] Launched synth_1...
Run output will be captured here: C:/Users/halderp/tetris_final_project/tetris_final_project.runs/synth_1/runme.log
[Thu May  7 22:29:56 2026] Launched impl_1...
Run output will be captured here: C:/Users/halderp/tetris_final_project/tetris_final_project.runs/impl_1/runme.log
reset_run synth_1
WARNING: [Vivado 12-1017] Problems encountered:
1. Failed to delete one or more files in run directory C:/Users/halderp/tetris_final_project/tetris_final_project.runs/synth_1

launch_runs synth_1 -jobs 7
INFO: [Vivado 12-4149] The synthesis checkpoint for IP 'c:/Users/halderp/tetris_final_project/tetris_final_project.srcs/sources_1/ip/row_cleared_1/row_cleared.xci' is already up-to-date
INFO: [Vivado 12-4149] The synthesis checkpoint for IP 'c:/Users/halderp/tetris_final_project/tetris_final_project.srcs/sources_1/ip/rotate_1/rotate.xci' is already up-to-date
INFO: [Vivado 12-4149] The synthesis checkpoint for IP 'C:/Users/halderp/tetris_final_project/tetris_final_project.srcs/sources_1/ip/hdmi_tx_0/hdmi_tx_0.xci' is already up-to-date
INFO: [Vivado 12-4149] The synthesis checkpoint for IP 'C:/Users/halderp/tetris_final_project/tetris_final_project.srcs/sources_1/ip/clk_wiz_0/clk_wiz_0.xci' is already up-to-date
[Thu May  7 22:33:25 2026] Launched synth_1...
Run output will be captured here: C:/Users/halderp/tetris_final_project/tetris_final_project.runs/synth_1/runme.log
launch_runs impl_1 -to_step write_bitstream -jobs 7
INFO: [Vivado 12-4149] The synthesis checkpoint for IP 'c:/Users/halderp/tetris_final_project/tetris_final_project.srcs/sources_1/ip/row_cleared_1/row_cleared.xci' is already up-to-date
INFO: [Vivado 12-4149] The synthesis checkpoint for IP 'c:/Users/halderp/tetris_final_project/tetris_final_project.srcs/sources_1/ip/rotate_1/rotate.xci' is already up-to-date
INFO: [Vivado 12-4149] The synthesis checkpoint for IP 'C:/Users/halderp/tetris_final_project/tetris_final_project.srcs/sources_1/ip/hdmi_tx_0/hdmi_tx_0.xci' is already up-to-date
INFO: [Vivado 12-4149] The synthesis checkpoint for IP 'C:/Users/halderp/tetris_final_project/tetris_final_project.srcs/sources_1/ip/clk_wiz_0/clk_wiz_0.xci' is already up-to-date
[Thu May  7 22:41:10 2026] Launched impl_1...
Run output will be captured here: C:/Users/halderp/tetris_final_project/tetris_final_project.runs/impl_1/runme.log
write_hw_platform -fixed -include_bit -force -file C:/Users/halderp/tetris_final_project/tetris_top.xsa
INFO: [Project 1-1918] Creating Hardware Platform: C:/Users/halderp/tetris_final_project/tetris_top.xsa ...
INFO: [Project 1-1943] The Hardware Platform can be used for Hardware
INFO: [Project 1-1941] Successfully created Hardware Platform: C:/Users/halderp/tetris_final_project/tetris_top.xsa
reset_run synth_1
INFO: [Project 1-1161] Replacing file C:/Users/halderp/tetris_final_project/tetris_final_project.srcs/utils_1/imports/synth_1/mb_block_wrapper.dcp with file C:/Users/halderp/tetris_final_project/tetris_final_project.runs/synth_1/tetris_top.dcp
launch_runs impl_1 -to_step write_bitstream -jobs 7
INFO: [Vivado 12-4149] The synthesis checkpoint for IP 'c:/Users/halderp/tetris_final_project/tetris_final_project.srcs/sources_1/ip/row_cleared_1/row_cleared.xci' is already up-to-date
INFO: [Vivado 12-4149] The synthesis checkpoint for IP 'c:/Users/halderp/tetris_final_project/tetris_final_project.srcs/sources_1/ip/rotate_1/rotate.xci' is already up-to-date
INFO: [Vivado 12-4149] The synthesis checkpoint for IP 'C:/Users/halderp/tetris_final_project/tetris_final_project.srcs/sources_1/ip/hdmi_tx_0/hdmi_tx_0.xci' is already up-to-date
INFO: [Vivado 12-4149] The synthesis checkpoint for IP 'C:/Users/halderp/tetris_final_project/tetris_final_project.srcs/sources_1/ip/clk_wiz_0/clk_wiz_0.xci' is already up-to-date
[Thu May  7 23:26:07 2026] Launched synth_1...
Run output will be captured here: C:/Users/halderp/tetris_final_project/tetris_final_project.runs/synth_1/runme.log
[Thu May  7 23:26:07 2026] Launched impl_1...
Run output will be captured here: C:/Users/halderp/tetris_final_project/tetris_final_project.runs/impl_1/runme.log
write_hw_platform -fixed -include_bit -force -file C:/Users/halderp/tetris_final_project/tetris_top.xsa
INFO: [Project 1-1918] Creating Hardware Platform: C:/Users/halderp/tetris_final_project/tetris_top.xsa ...
INFO: [Project 1-1943] The Hardware Platform can be used for Hardware
INFO: [Project 1-1941] Successfully created Hardware Platform: C:/Users/halderp/tetris_final_project/tetris_top.xsa
reset_run synth_1
INFO: [Project 1-1161] Replacing file C:/Users/halderp/tetris_final_project/tetris_final_project.srcs/utils_1/imports/synth_1/mb_block_wrapper.dcp with file C:/Users/halderp/tetris_final_project/tetris_final_project.runs/synth_1/tetris_top.dcp
launch_runs impl_1 -to_step write_bitstream -jobs 7
INFO: [Vivado 12-4149] The synthesis checkpoint for IP 'c:/Users/halderp/tetris_final_project/tetris_final_project.srcs/sources_1/ip/row_cleared_1/row_cleared.xci' is already up-to-date
INFO: [Vivado 12-4149] The synthesis checkpoint for IP 'c:/Users/halderp/tetris_final_project/tetris_final_project.srcs/sources_1/ip/rotate_1/rotate.xci' is already up-to-date
INFO: [Vivado 12-4149] The synthesis checkpoint for IP 'C:/Users/halderp/tetris_final_project/tetris_final_project.srcs/sources_1/ip/hdmi_tx_0/hdmi_tx_0.xci' is already up-to-date
INFO: [Vivado 12-4149] The synthesis checkpoint for IP 'C:/Users/halderp/tetris_final_project/tetris_final_project.srcs/sources_1/ip/clk_wiz_0/clk_wiz_0.xci' is already up-to-date
[Fri May  8 02:12:26 2026] Launched synth_1...
Run output will be captured here: C:/Users/halderp/tetris_final_project/tetris_final_project.runs/synth_1/runme.log
[Fri May  8 02:12:26 2026] Launched impl_1...
Run output will be captured here: C:/Users/halderp/tetris_final_project/tetris_final_project.runs/impl_1/runme.log
write_hw_platform -fixed -include_bit -force -file C:/Users/halderp/tetris_final_project/tetris_top.xsa
INFO: [Project 1-1918] Creating Hardware Platform: C:/Users/halderp/tetris_final_project/tetris_top.xsa ...
INFO: [Project 1-1943] The Hardware Platform can be used for Hardware
INFO: [Project 1-1941] Successfully created Hardware Platform: C:/Users/halderp/tetris_final_project/tetris_top.xsa
write_hw_platform -fixed -include_bit -force -file C:/Users/halderp/tetris_final_project/tetris_top.xsa
INFO: [Project 1-1918] Creating Hardware Platform: C:/Users/halderp/tetris_final_project/tetris_top.xsa ...
INFO: [Project 1-1943] The Hardware Platform can be used for Hardware
INFO: [Project 1-1941] Successfully created Hardware Platform: C:/Users/halderp/tetris_final_project/tetris_top.xsa
reset_run synth_1
INFO: [Project 1-1161] Replacing file C:/Users/halderp/tetris_final_project/tetris_final_project.srcs/utils_1/imports/synth_1/mb_block_wrapper.dcp with file C:/Users/halderp/tetris_final_project/tetris_final_project.runs/synth_1/tetris_top.dcp
launch_runs impl_1 -to_step write_bitstream -jobs 7
INFO: [Vivado 12-4149] The synthesis checkpoint for IP 'c:/Users/halderp/tetris_final_project/tetris_final_project.srcs/sources_1/ip/row_cleared_1/row_cleared.xci' is already up-to-date
INFO: [Vivado 12-4149] The synthesis checkpoint for IP 'c:/Users/halderp/tetris_final_project/tetris_final_project.srcs/sources_1/ip/rotate_1/rotate.xci' is already up-to-date
INFO: [Vivado 12-4149] The synthesis checkpoint for IP 'C:/Users/halderp/tetris_final_project/tetris_final_project.srcs/sources_1/ip/hdmi_tx_0/hdmi_tx_0.xci' is already up-to-date
INFO: [Vivado 12-4149] The synthesis checkpoint for IP 'C:/Users/halderp/tetris_final_project/tetris_final_project.srcs/sources_1/ip/clk_wiz_0/clk_wiz_0.xci' is already up-to-date
[Fri May  8 02:41:26 2026] Launched synth_1...
Run output will be captured here: C:/Users/halderp/tetris_final_project/tetris_final_project.runs/synth_1/runme.log
[Fri May  8 02:41:26 2026] Launched impl_1...
Run output will be captured here: C:/Users/halderp/tetris_final_project/tetris_final_project.runs/impl_1/runme.log
write_hw_platform -fixed -include_bit -force -file C:/Users/halderp/tetris_final_project/tetris_top.xsa
INFO: [Project 1-1918] Creating Hardware Platform: C:/Users/halderp/tetris_final_project/tetris_top.xsa ...
INFO: [Project 1-1943] The Hardware Platform can be used for Hardware
INFO: [Project 1-1941] Successfully created Hardware Platform: C:/Users/halderp/tetris_final_project/tetris_top.xsa
reset_run synth_1
INFO: [Project 1-1161] Replacing file C:/Users/halderp/tetris_final_project/tetris_final_project.srcs/utils_1/imports/synth_1/mb_block_wrapper.dcp with file C:/Users/halderp/tetris_final_project/tetris_final_project.runs/synth_1/tetris_top.dcp
launch_runs impl_1 -to_step write_bitstream -jobs 7
INFO: [Vivado 12-4149] The synthesis checkpoint for IP 'c:/Users/halderp/tetris_final_project/tetris_final_project.srcs/sources_1/ip/row_cleared_1/row_cleared.xci' is already up-to-date
INFO: [Vivado 12-4149] The synthesis checkpoint for IP 'c:/Users/halderp/tetris_final_project/tetris_final_project.srcs/sources_1/ip/rotate_1/rotate.xci' is already up-to-date
INFO: [Vivado 12-4149] The synthesis checkpoint for IP 'C:/Users/halderp/tetris_final_project/tetris_final_project.srcs/sources_1/ip/hdmi_tx_0/hdmi_tx_0.xci' is already up-to-date
INFO: [Vivado 12-4149] The synthesis checkpoint for IP 'C:/Users/halderp/tetris_final_project/tetris_final_project.srcs/sources_1/ip/clk_wiz_0/clk_wiz_0.xci' is already up-to-date
[Fri May  8 03:08:15 2026] Launched synth_1...
Run output will be captured here: C:/Users/halderp/tetris_final_project/tetris_final_project.runs/synth_1/runme.log
[Fri May  8 03:08:15 2026] Launched impl_1...
Run output will be captured here: C:/Users/halderp/tetris_final_project/tetris_final_project.runs/impl_1/runme.log
INFO: [Vivado 12-8217] Implementation run is out of date. Exported hardware information may be inconsistent with respect to the current state of the design. It is recommended that you re-run implementation and re-generate bitstream/PDI before doing hardware export.
reset_run synth_1
INFO: [Project 1-1161] Replacing file C:/Users/halderp/tetris_final_project/tetris_final_project.srcs/utils_1/imports/synth_1/mb_block_wrapper.dcp with file C:/Users/halderp/tetris_final_project/tetris_final_project.runs/synth_1/tetris_top.dcp
launch_runs impl_1 -to_step write_bitstream -jobs 7
INFO: [Vivado 12-4149] The synthesis checkpoint for IP 'c:/Users/halderp/tetris_final_project/tetris_final_project.srcs/sources_1/ip/row_cleared_1/row_cleared.xci' is already up-to-date
INFO: [Vivado 12-4149] The synthesis checkpoint for IP 'c:/Users/halderp/tetris_final_project/tetris_final_project.srcs/sources_1/ip/rotate_1/rotate.xci' is already up-to-date
INFO: [Vivado 12-4149] The synthesis checkpoint for IP 'C:/Users/halderp/tetris_final_project/tetris_final_project.srcs/sources_1/ip/hdmi_tx_0/hdmi_tx_0.xci' is already up-to-date
INFO: [Vivado 12-4149] The synthesis checkpoint for IP 'C:/Users/halderp/tetris_final_project/tetris_final_project.srcs/sources_1/ip/clk_wiz_0/clk_wiz_0.xci' is already up-to-date
[Fri May  8 03:25:52 2026] Launched synth_1...
Run output will be captured here: C:/Users/halderp/tetris_final_project/tetris_final_project.runs/synth_1/runme.log
[Fri May  8 03:25:52 2026] Launched impl_1...
Run output will be captured here: C:/Users/halderp/tetris_final_project/tetris_final_project.runs/impl_1/runme.log
write_hw_platform -fixed -include_bit -force -file C:/Users/halderp/tetris_final_project/tetris_top.xsa
INFO: [Project 1-1918] Creating Hardware Platform: C:/Users/halderp/tetris_final_project/tetris_top.xsa ...
INFO: [Project 1-1943] The Hardware Platform can be used for Hardware
INFO: [Project 1-1941] Successfully created Hardware Platform: C:/Users/halderp/tetris_final_project/tetris_top.xsa
reset_run synth_1
INFO: [Project 1-1161] Replacing file C:/Users/halderp/tetris_final_project/tetris_final_project.srcs/utils_1/imports/synth_1/mb_block_wrapper.dcp with file C:/Users/halderp/tetris_final_project/tetris_final_project.runs/synth_1/tetris_top.dcp
launch_runs impl_1 -to_step write_bitstream -jobs 7
INFO: [Vivado 12-4149] The synthesis checkpoint for IP 'c:/Users/halderp/tetris_final_project/tetris_final_project.srcs/sources_1/ip/row_cleared_1/row_cleared.xci' is already up-to-date
INFO: [Vivado 12-4149] The synthesis checkpoint for IP 'c:/Users/halderp/tetris_final_project/tetris_final_project.srcs/sources_1/ip/rotate_1/rotate.xci' is already up-to-date
INFO: [Vivado 12-4149] The synthesis checkpoint for IP 'C:/Users/halderp/tetris_final_project/tetris_final_project.srcs/sources_1/ip/hdmi_tx_0/hdmi_tx_0.xci' is already up-to-date
INFO: [Vivado 12-4149] The synthesis checkpoint for IP 'C:/Users/halderp/tetris_final_project/tetris_final_project.srcs/sources_1/ip/clk_wiz_0/clk_wiz_0.xci' is already up-to-date
[Fri May  8 03:40:35 2026] Launched synth_1...
Run output will be captured here: C:/Users/halderp/tetris_final_project/tetris_final_project.runs/synth_1/runme.log
[Fri May  8 03:40:35 2026] Launched impl_1...
Run output will be captured here: C:/Users/halderp/tetris_final_project/tetris_final_project.runs/impl_1/runme.log
write_hw_platform -fixed -include_bit -force -file C:/Users/halderp/tetris_final_project/tetris_top.xsa
INFO: [Project 1-1918] Creating Hardware Platform: C:/Users/halderp/tetris_final_project/tetris_top.xsa ...
INFO: [Project 1-1943] The Hardware Platform can be used for Hardware
INFO: [Project 1-1941] Successfully created Hardware Platform: C:/Users/halderp/tetris_final_project/tetris_top.xsa
WARNING: [IP_Flow 19-4067] Ignoring invalid widget type specified checkbox.Providing a default widget
WARNING: [IP_Flow 19-4067] Ignoring invalid widget type specified checkbox.Providing a default widget
reset_run synth_1
INFO: [Project 1-1161] Replacing file C:/Users/halderp/tetris_final_project/tetris_final_project.srcs/utils_1/imports/synth_1/mb_block_wrapper.dcp with file C:/Users/halderp/tetris_final_project/tetris_final_project.runs/synth_1/tetris_top.dcp
launch_runs impl_1 -to_step write_bitstream -jobs 7
INFO: [Vivado 12-4149] The synthesis checkpoint for IP 'c:/Users/halderp/tetris_final_project/tetris_final_project.srcs/sources_1/ip/row_cleared_1/row_cleared.xci' is already up-to-date
INFO: [Vivado 12-4149] The synthesis checkpoint for IP 'c:/Users/halderp/tetris_final_project/tetris_final_project.srcs/sources_1/ip/rotate_1/rotate.xci' is already up-to-date
INFO: [Vivado 12-4149] The synthesis checkpoint for IP 'C:/Users/halderp/tetris_final_project/tetris_final_project.srcs/sources_1/ip/hdmi_tx_0/hdmi_tx_0.xci' is already up-to-date
INFO: [Vivado 12-4149] The synthesis checkpoint for IP 'C:/Users/halderp/tetris_final_project/tetris_final_project.srcs/sources_1/ip/clk_wiz_0/clk_wiz_0.xci' is already up-to-date
[Fri May  8 03:59:59 2026] Launched synth_1...
Run output will be captured here: C:/Users/halderp/tetris_final_project/tetris_final_project.runs/synth_1/runme.log
[Fri May  8 03:59:59 2026] Launched impl_1...
Run output will be captured here: C:/Users/halderp/tetris_final_project/tetris_final_project.runs/impl_1/runme.log
write_hw_platform -fixed -include_bit -force -file C:/Users/halderp/tetris_final_project/tetris_top.xsa
INFO: [Project 1-1918] Creating Hardware Platform: C:/Users/halderp/tetris_final_project/tetris_top.xsa ...
INFO: [Project 1-1943] The Hardware Platform can be used for Hardware
INFO: [Project 1-1941] Successfully created Hardware Platform: C:/Users/halderp/tetris_final_project/tetris_top.xsa
reset_run synth_1
INFO: [Project 1-1161] Replacing file C:/Users/halderp/tetris_final_project/tetris_final_project.srcs/utils_1/imports/synth_1/mb_block_wrapper.dcp with file C:/Users/halderp/tetris_final_project/tetris_final_project.runs/synth_1/tetris_top.dcp
launch_runs impl_1 -to_step write_bitstream -jobs 7
INFO: [Vivado 12-4149] The synthesis checkpoint for IP 'c:/Users/halderp/tetris_final_project/tetris_final_project.srcs/sources_1/ip/row_cleared_1/row_cleared.xci' is already up-to-date
INFO: [Vivado 12-4149] The synthesis checkpoint for IP 'c:/Users/halderp/tetris_final_project/tetris_final_project.srcs/sources_1/ip/rotate_1/rotate.xci' is already up-to-date
INFO: [Vivado 12-4149] The synthesis checkpoint for IP 'C:/Users/halderp/tetris_final_project/tetris_final_project.srcs/sources_1/ip/hdmi_tx_0/hdmi_tx_0.xci' is already up-to-date
INFO: [Vivado 12-4149] The synthesis checkpoint for IP 'C:/Users/halderp/tetris_final_project/tetris_final_project.srcs/sources_1/ip/clk_wiz_0/clk_wiz_0.xci' is already up-to-date
[Fri May  8 04:17:39 2026] Launched synth_1...
Run output will be captured here: C:/Users/halderp/tetris_final_project/tetris_final_project.runs/synth_1/runme.log
[Fri May  8 04:17:39 2026] Launched impl_1...
Run output will be captured here: C:/Users/halderp/tetris_final_project/tetris_final_project.runs/impl_1/runme.log
write_hw_platform -fixed -include_bit -force -file C:/Users/halderp/tetris_final_project/tetris_top.xsa
INFO: [Project 1-1918] Creating Hardware Platform: C:/Users/halderp/tetris_final_project/tetris_top.xsa ...
INFO: [Project 1-1943] The Hardware Platform can be used for Hardware
INFO: [Project 1-1941] Successfully created Hardware Platform: C:/Users/halderp/tetris_final_project/tetris_top.xsa
reset_run synth_1
INFO: [Project 1-1161] Replacing file C:/Users/halderp/tetris_final_project/tetris_final_project.srcs/utils_1/imports/synth_1/mb_block_wrapper.dcp with file C:/Users/halderp/tetris_final_project/tetris_final_project.runs/synth_1/tetris_top.dcp
launch_runs impl_1 -to_step write_bitstream -jobs 7
INFO: [Vivado 12-4149] The synthesis checkpoint for IP 'c:/Users/halderp/tetris_final_project/tetris_final_project.srcs/sources_1/ip/row_cleared_1/row_cleared.xci' is already up-to-date
INFO: [Vivado 12-4149] The synthesis checkpoint for IP 'c:/Users/halderp/tetris_final_project/tetris_final_project.srcs/sources_1/ip/rotate_1/rotate.xci' is already up-to-date
INFO: [Vivado 12-4149] The synthesis checkpoint for IP 'C:/Users/halderp/tetris_final_project/tetris_final_project.srcs/sources_1/ip/hdmi_tx_0/hdmi_tx_0.xci' is already up-to-date
INFO: [Vivado 12-4149] The synthesis checkpoint for IP 'C:/Users/halderp/tetris_final_project/tetris_final_project.srcs/sources_1/ip/clk_wiz_0/clk_wiz_0.xci' is already up-to-date
[Fri May  8 04:42:15 2026] Launched synth_1...
Run output will be captured here: C:/Users/halderp/tetris_final_project/tetris_final_project.runs/synth_1/runme.log
[Fri May  8 04:42:15 2026] Launched impl_1...
Run output will be captured here: C:/Users/halderp/tetris_final_project/tetris_final_project.runs/impl_1/runme.log
write_hw_platform -fixed -include_bit -force -file C:/Users/halderp/tetris_final_project/tetris_top.xsa
INFO: [Project 1-1918] Creating Hardware Platform: C:/Users/halderp/tetris_final_project/tetris_top.xsa ...
INFO: [Project 1-1943] The Hardware Platform can be used for Hardware
INFO: [Project 1-1941] Successfully created Hardware Platform: C:/Users/halderp/tetris_final_project/tetris_top.xsa
reset_run synth_1
INFO: [Project 1-1161] Replacing file C:/Users/halderp/tetris_final_project/tetris_final_project.srcs/utils_1/imports/synth_1/mb_block_wrapper.dcp with file C:/Users/halderp/tetris_final_project/tetris_final_project.runs/synth_1/tetris_top.dcp
launch_runs impl_1 -to_step write_bitstream -jobs 7
INFO: [Vivado 12-4149] The synthesis checkpoint for IP 'c:/Users/halderp/tetris_final_project/tetris_final_project.srcs/sources_1/ip/row_cleared_1/row_cleared.xci' is already up-to-date
INFO: [Vivado 12-4149] The synthesis checkpoint for IP 'c:/Users/halderp/tetris_final_project/tetris_final_project.srcs/sources_1/ip/rotate_1/rotate.xci' is already up-to-date
INFO: [Vivado 12-4149] The synthesis checkpoint for IP 'C:/Users/halderp/tetris_final_project/tetris_final_project.srcs/sources_1/ip/hdmi_tx_0/hdmi_tx_0.xci' is already up-to-date
INFO: [Vivado 12-4149] The synthesis checkpoint for IP 'C:/Users/halderp/tetris_final_project/tetris_final_project.srcs/sources_1/ip/clk_wiz_0/clk_wiz_0.xci' is already up-to-date
[Fri May  8 05:02:32 2026] Launched synth_1...
Run output will be captured here: C:/Users/halderp/tetris_final_project/tetris_final_project.runs/synth_1/runme.log
[Fri May  8 05:02:32 2026] Launched impl_1...
Run output will be captured here: C:/Users/halderp/tetris_final_project/tetris_final_project.runs/impl_1/runme.log
reset_run impl_1
reset_run synth_1
INFO: [Project 1-1161] Replacing file C:/Users/halderp/tetris_final_project/tetris_final_project.srcs/utils_1/imports/synth_1/mb_block_wrapper.dcp with file C:/Users/halderp/tetris_final_project/tetris_final_project.runs/synth_1/tetris_top.dcp
launch_runs impl_1 -to_step write_bitstream -jobs 7
INFO: [Vivado 12-4149] The synthesis checkpoint for IP 'c:/Users/halderp/tetris_final_project/tetris_final_project.srcs/sources_1/ip/row_cleared_1/row_cleared.xci' is already up-to-date
INFO: [Vivado 12-4149] The synthesis checkpoint for IP 'c:/Users/halderp/tetris_final_project/tetris_final_project.srcs/sources_1/ip/rotate_1/rotate.xci' is already up-to-date
INFO: [Vivado 12-4149] The synthesis checkpoint for IP 'C:/Users/halderp/tetris_final_project/tetris_final_project.srcs/sources_1/ip/hdmi_tx_0/hdmi_tx_0.xci' is already up-to-date
INFO: [Vivado 12-4149] The synthesis checkpoint for IP 'C:/Users/halderp/tetris_final_project/tetris_final_project.srcs/sources_1/ip/clk_wiz_0/clk_wiz_0.xci' is already up-to-date
[Fri May  8 05:09:40 2026] Launched synth_1...
Run output will be captured here: C:/Users/halderp/tetris_final_project/tetris_final_project.runs/synth_1/runme.log
[Fri May  8 05:09:40 2026] Launched impl_1...
Run output will be captured here: C:/Users/halderp/tetris_final_project/tetris_final_project.runs/impl_1/runme.log
write_hw_platform -fixed -include_bit -force -file C:/Users/halderp/tetris_final_project/tetris_top.xsa
INFO: [Project 1-1918] Creating Hardware Platform: C:/Users/halderp/tetris_final_project/tetris_top.xsa ...
INFO: [Project 1-1943] The Hardware Platform can be used for Hardware
INFO: [Project 1-1941] Successfully created Hardware Platform: C:/Users/halderp/tetris_final_project/tetris_top.xsa
reset_run synth_1
INFO: [Project 1-1161] Replacing file C:/Users/halderp/tetris_final_project/tetris_final_project.srcs/utils_1/imports/synth_1/mb_block_wrapper.dcp with file C:/Users/halderp/tetris_final_project/tetris_final_project.runs/synth_1/tetris_top.dcp
launch_runs impl_1 -to_step write_bitstream -jobs 7
INFO: [Vivado 12-4149] The synthesis checkpoint for IP 'c:/Users/halderp/tetris_final_project/tetris_final_project.srcs/sources_1/ip/row_cleared_1/row_cleared.xci' is already up-to-date
INFO: [Vivado 12-4149] The synthesis checkpoint for IP 'c:/Users/halderp/tetris_final_project/tetris_final_project.srcs/sources_1/ip/rotate_1/rotate.xci' is already up-to-date
INFO: [Vivado 12-4149] The synthesis checkpoint for IP 'C:/Users/halderp/tetris_final_project/tetris_final_project.srcs/sources_1/ip/hdmi_tx_0/hdmi_tx_0.xci' is already up-to-date
INFO: [Vivado 12-4149] The synthesis checkpoint for IP 'C:/Users/halderp/tetris_final_project/tetris_final_project.srcs/sources_1/ip/clk_wiz_0/clk_wiz_0.xci' is already up-to-date
[Fri May  8 10:49:19 2026] Launched synth_1...
Run output will be captured here: C:/Users/halderp/tetris_final_project/tetris_final_project.runs/synth_1/runme.log
[Fri May  8 10:49:19 2026] Launched impl_1...
Run output will be captured here: C:/Users/halderp/tetris_final_project/tetris_final_project.runs/impl_1/runme.log
reset_run synth_1
launch_runs impl_1 -to_step write_bitstream -jobs 7
INFO: [Vivado 12-4149] The synthesis checkpoint for IP 'c:/Users/halderp/tetris_final_project/tetris_final_project.srcs/sources_1/ip/row_cleared_1/row_cleared.xci' is already up-to-date
INFO: [Vivado 12-4149] The synthesis checkpoint for IP 'c:/Users/halderp/tetris_final_project/tetris_final_project.srcs/sources_1/ip/rotate_1/rotate.xci' is already up-to-date
INFO: [Vivado 12-4149] The synthesis checkpoint for IP 'C:/Users/halderp/tetris_final_project/tetris_final_project.srcs/sources_1/ip/hdmi_tx_0/hdmi_tx_0.xci' is already up-to-date
INFO: [Vivado 12-4149] The synthesis checkpoint for IP 'C:/Users/halderp/tetris_final_project/tetris_final_project.srcs/sources_1/ip/clk_wiz_0/clk_wiz_0.xci' is already up-to-date
[Fri May  8 10:51:45 2026] Launched synth_1...
Run output will be captured here: C:/Users/halderp/tetris_final_project/tetris_final_project.runs/synth_1/runme.log
[Fri May  8 10:51:45 2026] Launched impl_1...
Run output will be captured here: C:/Users/halderp/tetris_final_project/tetris_final_project.runs/impl_1/runme.log
write_hw_platform -fixed -include_bit -force -file C:/Users/halderp/tetris_final_project/tetris_top.xsa
INFO: [Project 1-1918] Creating Hardware Platform: C:/Users/halderp/tetris_final_project/tetris_top.xsa ...
INFO: [Project 1-1943] The Hardware Platform can be used for Hardware
INFO: [Project 1-1941] Successfully created Hardware Platform: C:/Users/halderp/tetris_final_project/tetris_top.xsa
reset_run synth_1
INFO: [Project 1-1161] Replacing file C:/Users/halderp/tetris_final_project/tetris_final_project.srcs/utils_1/imports/synth_1/mb_block_wrapper.dcp with file C:/Users/halderp/tetris_final_project/tetris_final_project.runs/synth_1/tetris_top.dcp
launch_runs impl_1 -to_step write_bitstream -jobs 7
INFO: [Vivado 12-4149] The synthesis checkpoint for IP 'c:/Users/halderp/tetris_final_project/tetris_final_project.srcs/sources_1/ip/row_cleared_1/row_cleared.xci' is already up-to-date
INFO: [Vivado 12-4149] The synthesis checkpoint for IP 'c:/Users/halderp/tetris_final_project/tetris_final_project.srcs/sources_1/ip/rotate_1/rotate.xci' is already up-to-date
INFO: [Vivado 12-4149] The synthesis checkpoint for IP 'C:/Users/halderp/tetris_final_project/tetris_final_project.srcs/sources_1/ip/hdmi_tx_0/hdmi_tx_0.xci' is already up-to-date
INFO: [Vivado 12-4149] The synthesis checkpoint for IP 'C:/Users/halderp/tetris_final_project/tetris_final_project.srcs/sources_1/ip/clk_wiz_0/clk_wiz_0.xci' is already up-to-date
[Fri May  8 11:20:48 2026] Launched synth_1...
Run output will be captured here: C:/Users/halderp/tetris_final_project/tetris_final_project.runs/synth_1/runme.log
[Fri May  8 11:20:49 2026] Launched impl_1...
Run output will be captured here: C:/Users/halderp/tetris_final_project/tetris_final_project.runs/impl_1/runme.log
write_hw_platform -fixed -include_bit -force -file C:/Users/halderp/tetris_final_project/tetris_top.xsa
INFO: [Project 1-1918] Creating Hardware Platform: C:/Users/halderp/tetris_final_project/tetris_top.xsa ...
INFO: [Project 1-1943] The Hardware Platform can be used for Hardware
INFO: [Project 1-1941] Successfully created Hardware Platform: C:/Users/halderp/tetris_final_project/tetris_top.xsa
archive_project C:/Users/halderp/tetris_final_project_5_8.xpr.zip -temp_dir C:/Users/halderp/AppData/Roaming/Xilinx/Vivado/.Xil/Vivado-63548-PF5JJ7T5 -force -include_local_ip_cache
INFO: [Coretcl 2-137] starting archive...
INFO: [Coretcl 2-1499] Saving project copy to temporary location 'C:/Users/halderp/AppData/Roaming/Xilinx/Vivado/.Xil/Vivado-63548-PF5JJ7T5' for archiving project
Scanning sources...
Finished scanning sources
INFO: [IP_Flow 19-234] Refreshing IP repositories
INFO: [IP_Flow 19-1700] Loaded user IP repository 'c:/Users/halderp/Downloads/RD_hdmi_ip2020/hdmi_tx_1.0'.
INFO: [IP_Flow 19-2313] Loaded Vivado IP repository 'C:/Xilinx/Vivado/2022.2/data/ip'.
INFO: [Coretcl 2-1211] Creating project copy for archival...
INFO: [IP_Flow 19-7005] Skipping external file c:/Users/halderp/Downloads/row_cleared.coe
INFO: [IP_Flow 19-7005] Skipping external file c:/Users/halderp/Downloads/rotate.coe
INFO: [Coretcl 2-1213] Including run results for 'synth_1'
INFO: [Coretcl 2-1213] Including run results for 'design_1_axi_timer_0_0_synth_1'
INFO: [Coretcl 2-1213] Including run results for 'design_1_ilmb_bram_if_cntlr_0_synth_1'
INFO: [Coretcl 2-1213] Including run results for 'design_1_dlmb_bram_if_cntlr_0_synth_1'
INFO: [Coretcl 2-1213] Including run results for 'design_1_axi_gpio_0_2_synth_1'
INFO: [Coretcl 2-1213] Including run results for 'design_1_xbar_0_synth_1'
INFO: [Coretcl 2-1213] Including run results for 'design_1_microblaze_0_axi_intc_0_synth_1'
INFO: [Coretcl 2-1213] Including run results for 'design_1_clk_wiz_1_0_synth_1'
INFO: [Coretcl 2-1213] Including run results for 'design_1_lmb_bram_0_synth_1'
INFO: [Coretcl 2-1213] Including run results for 'impl_1'
INFO: [Coretcl 2-133] re-setting run 'design_1_axi_timer_0_0_impl_1'...
INFO: [Coretcl 2-133] re-setting run 'design_1_ilmb_bram_if_cntlr_0_impl_1'...
INFO: [Coretcl 2-133] re-setting run 'design_1_dlmb_bram_if_cntlr_0_impl_1'...
INFO: [Coretcl 2-133] re-setting run 'design_1_axi_gpio_0_2_impl_1'...
INFO: [Coretcl 2-133] re-setting run 'design_1_xbar_0_impl_1'...
INFO: [Coretcl 2-133] re-setting run 'design_1_microblaze_0_axi_intc_0_impl_1'...
INFO: [Coretcl 2-133] re-setting run 'design_1_clk_wiz_1_0_impl_1'...
INFO: [Coretcl 2-133] re-setting run 'design_1_lmb_bram_0_impl_1'...
INFO: [Coretcl 2-1212] Importing remotely added design sources and verilog include files (if any)...
INFO: [filemgmt 20-334] All file(s) are already imported in fileset: 'design_1_axi_gpio_0_2'
INFO: [filemgmt 20-348] Importing the appropriate files for fileset: 'design_1_axi_gpio_0_2'
INFO: [filemgmt 20-334] All file(s) are already imported in fileset: 'design_1_axi_timer_0_0'
INFO: [filemgmt 20-348] Importing the appropriate files for fileset: 'design_1_axi_timer_0_0'
INFO: [filemgmt 20-334] All file(s) are already imported in fileset: 'design_1_clk_wiz_1_0'
INFO: [filemgmt 20-348] Importing the appropriate files for fileset: 'design_1_clk_wiz_1_0'
INFO: [filemgmt 20-334] All file(s) are already imported in fileset: 'design_1_dlmb_bram_if_cntlr_0'
INFO: [filemgmt 20-348] Importing the appropriate files for fileset: 'design_1_dlmb_bram_if_cntlr_0'
INFO: [filemgmt 20-334] All file(s) are already imported in fileset: 'design_1_ilmb_bram_if_cntlr_0'
INFO: [filemgmt 20-348] Importing the appropriate files for fileset: 'design_1_ilmb_bram_if_cntlr_0'
INFO: [filemgmt 20-334] All file(s) are already imported in fileset: 'design_1_lmb_bram_0'
INFO: [filemgmt 20-348] Importing the appropriate files for fileset: 'design_1_lmb_bram_0'
INFO: [filemgmt 20-334] All file(s) are already imported in fileset: 'design_1_microblaze_0_axi_intc_0'
INFO: [filemgmt 20-348] Importing the appropriate files for fileset: 'design_1_microblaze_0_axi_intc_0'
INFO: [filemgmt 20-334] All file(s) are already imported in fileset: 'design_1_xbar_0'
INFO: [filemgmt 20-348] Importing the appropriate files for fileset: 'design_1_xbar_0'
INFO: [filemgmt 20-334] All file(s) are already imported in fileset: 'constrs_1'
INFO: [filemgmt 20-348] Importing the appropriate files for fileset: 'constrs_1'
INFO: [filemgmt 20-348] Importing the appropriate files for fileset: 'sim_1'
INFO: [filemgmt 20-348] Importing the appropriate files for fileset: 'sources_1'
INFO: [filemgmt 20-334] All file(s) are already imported in fileset: 'utils_1'
INFO: [filemgmt 20-348] Importing the appropriate files for fileset: 'utils_1'
